<?xml version="1.0" encoding="UTF-8"?>
<testng-results skipped="0" failed="1" ignored="0" total="3" passed="2">
  <reporter-output>
    <line>
      <![CDATA[Application opened successfully]]>
    </line>
    <line>
      <![CDATA[Application opened successfully]]>
    </line>
    <line>
      <![CDATA[Clicked on Search button successfully]]>
    </line>
    <line>
      <![CDATA[Application opened successfully]]>
    </line>
    <line>
      <![CDATA[Clicked on Sign In link successfully]]>
    </line>
  </reporter-output>
  <suite name="Default suite" duration-ms="121376" started-at="2020-08-24T10:17:53Z" finished-at="2020-08-24T10:19:55Z">
    <groups>
    </groups>
    <test name="Default test" duration-ms="121376" started-at="2020-08-24T10:17:53Z" finished-at="2020-08-24T10:19:55Z">
      <class name="TestNGPAckage.TestNGExample">
        <test-method status="PASS" signature="setup()[pri:0, instance:TestNGPAckage.TestNGExample@5e5792a0]" name="setup" is-config="true" duration-ms="25479" started-at="2020-08-24T10:17:54Z" finished-at="2020-08-24T10:18:19Z">
          <reporter-output>
            <line>
              <![CDATA[Application opened successfully]]>
            </line>
          </reporter-output>
        </test-method> <!-- setup -->
        <test-method status="FAIL" signature="verifyContactUsLink()[pri:0, instance:TestNGPAckage.TestNGExample@5e5792a0]" name="verifyContactUsLink" duration-ms="10164" started-at="2020-08-24T10:18:19Z" description="contactus method" finished-at="2020-08-24T10:18:29Z">
          <exception class="org.openqa.selenium.NoSuchElementException">
            <message>
              <![CDATA[no such element: Unable to locate element: {"method":"xpath","selector":"//a[contains(@title, "Contact us")]"}
  (Session info: chrome=84.0.4147.135)
For documentation on this error, please visit: https://www.seleniumhq.org/exceptions/no_such_element.html
Build info: version: '3.141.59', revision: 'e82be7d358', time: '2018-11-14T08:25:48'
System info: host: 'ADMIN-PC', ip: '192.168.131.1', os.name: 'Windows 7', os.arch: 'amd64', os.version: '6.1', java.version: '1.8.0_181'
Driver info: org.openqa.selenium.chrome.ChromeDriver
Capabilities {acceptInsecureCerts: false, browserName: chrome, browserVersion: 84.0.4147.135, chrome: {chromedriverVersion: 84.0.4147.30 (48b3e868b4cc0..., userDataDir: C:\Users\Admin\AppData\Loca...}, goog:chromeOptions: {debuggerAddress: localhost:49341}, javascriptEnabled: true, networkConnectionEnabled: false, pageLoadStrategy: normal, platform: WINDOWS, platformName: WINDOWS, proxy: Proxy(), setWindowRect: true, strictFileInteractability: false, timeouts: {implicit: 0, pageLoad: 300000, script: 30000}, unhandledPromptBehavior: dismiss and notify, webauthn:virtualAuthenticators: true}
Session ID: d47a35a93bc2da714b1875b5648360ab
*** Element info: {Using=xpath, value=//a[contains(@title, "Contact us")]}]]>
            </message>
            <full-stacktrace>
              <![CDATA[org.openqa.selenium.NoSuchElementException: no such element: Unable to locate element: {"method":"xpath","selector":"//a[contains(@title, "Contact us")]"}
  (Session info: chrome=84.0.4147.135)
For documentation on this error, please visit: https://www.seleniumhq.org/exceptions/no_such_element.html
Build info: version: '3.141.59', revision: 'e82be7d358', time: '2018-11-14T08:25:48'
System info: host: 'ADMIN-PC', ip: '192.168.131.1', os.name: 'Windows 7', os.arch: 'amd64', os.version: '6.1', java.version: '1.8.0_181'
Driver info: org.openqa.selenium.chrome.ChromeDriver
Capabilities {acceptInsecureCerts: false, browserName: chrome, browserVersion: 84.0.4147.135, chrome: {chromedriverVersion: 84.0.4147.30 (48b3e868b4cc0..., userDataDir: C:\Users\Admin\AppData\Loca...}, goog:chromeOptions: {debuggerAddress: localhost:49341}, javascriptEnabled: true, networkConnectionEnabled: false, pageLoadStrategy: normal, platform: WINDOWS, platformName: WINDOWS, proxy: Proxy(), setWindowRect: true, strictFileInteractability: false, timeouts: {implicit: 0, pageLoad: 300000, script: 30000}, unhandledPromptBehavior: dismiss and notify, webauthn:virtualAuthenticators: true}
Session ID: d47a35a93bc2da714b1875b5648360ab
*** Element info: {Using=xpath, value=//a[contains(@title, "Contact us")]}
at sun.reflect.NativeConstructorAccessorImpl.newInstance0(Native Method)
at sun.reflect.NativeConstructorAccessorImpl.newInstance(Unknown Source)
at sun.reflect.DelegatingConstructorAccessorImpl.newInstance(Unknown Source)
at java.lang.reflect.Constructor.newInstance(Unknown Source)
at org.openqa.selenium.remote.http.W3CHttpResponseCodec.createException(W3CHttpResponseCodec.java:187)
at org.openqa.selenium.remote.http.W3CHttpResponseCodec.decode(W3CHttpResponseCodec.java:122)
at org.openqa.selenium.remote.http.W3CHttpResponseCodec.decode(W3CHttpResponseCodec.java:49)
at org.openqa.selenium.remote.HttpCommandExecutor.execute(HttpCommandExecutor.java:158)
at org.openqa.selenium.remote.service.DriverCommandExecutor.execute(DriverCommandExecutor.java:83)
at org.openqa.selenium.remote.RemoteWebDriver.execute(RemoteWebDriver.java:552)
at org.openqa.selenium.remote.RemoteWebDriver.findElement(RemoteWebDriver.java:323)
at org.openqa.selenium.remote.RemoteWebDriver.findElementByXPath(RemoteWebDriver.java:428)
at org.openqa.selenium.By$ByXPath.findElement(By.java:353)
at org.openqa.selenium.remote.RemoteWebDriver.findElement(RemoteWebDriver.java:315)
at TestNGPAckage.TestNGExample.verifyContactUsLink(TestNGExample.java:41)
at sun.reflect.NativeMethodAccessorImpl.invoke0(Native Method)
at sun.reflect.NativeMethodAccessorImpl.invoke(Unknown Source)
at sun.reflect.DelegatingMethodAccessorImpl.invoke(Unknown Source)
at java.lang.reflect.Method.invoke(Unknown Source)
at org.testng.internal.MethodInvocationHelper.invokeMethod(MethodInvocationHelper.java:124)
at org.testng.internal.Invoker.invokeMethod(Invoker.java:580)
at org.testng.internal.Invoker.invokeTestMethod(Invoker.java:716)
at org.testng.internal.Invoker.invokeTestMethods(Invoker.java:988)
at org.testng.internal.TestMethodWorker.invokeTestMethods(TestMethodWorker.java:125)
at org.testng.internal.TestMethodWorker.run(TestMethodWorker.java:109)
at org.testng.TestRunner.privateRun(TestRunner.java:648)
at org.testng.TestRunner.run(TestRunner.java:505)
at org.testng.SuiteRunner.runTest(SuiteRunner.java:455)
at org.testng.SuiteRunner.runSequentially(SuiteRunner.java:450)
at org.testng.SuiteRunner.privateRun(SuiteRunner.java:415)
at org.testng.SuiteRunner.run(SuiteRunner.java:364)
at org.testng.SuiteRunnerWorker.runSuite(SuiteRunnerWorker.java:52)
at org.testng.SuiteRunnerWorker.run(SuiteRunnerWorker.java:84)
at org.testng.TestNG.runSuitesSequentially(TestNG.java:1208)
at org.testng.TestNG.runSuitesLocally(TestNG.java:1137)
at org.testng.TestNG.runSuites(TestNG.java:1049)
at org.testng.TestNG.run(TestNG.java:1017)
at org.testng.remote.AbstractRemoteTestNG.run(AbstractRemoteTestNG.java:114)
at org.testng.remote.RemoteTestNG.initAndRun(RemoteTestNG.java:251)
at org.testng.remote.RemoteTestNG.main(RemoteTestNG.java:77)
]]>
            </full-stacktrace>
          </exception> <!-- org.openqa.selenium.NoSuchElementException -->
          <reporter-output>
          </reporter-output>
        </test-method> <!-- verifyContactUsLink -->
        <test-method status="PASS" signature="tearDown()[pri:0, instance:TestNGPAckage.TestNGExample@5e5792a0]" name="tearDown" is-config="true" duration-ms="214" started-at="2020-08-24T10:18:29Z" finished-at="2020-08-24T10:18:29Z">
          <reporter-output>
          </reporter-output>
        </test-method> <!-- tearDown -->
        <test-method status="PASS" signature="setup()[pri:0, instance:TestNGPAckage.TestNGExample@5e5792a0]" name="setup" is-config="true" duration-ms="34044" started-at="2020-08-24T10:18:29Z" finished-at="2020-08-24T10:19:03Z">
          <reporter-output>
            <line>
              <![CDATA[Application opened successfully]]>
            </line>
          </reporter-output>
        </test-method> <!-- setup -->
        <test-method status="PASS" signature="verifySearchButton()[pri:0, instance:TestNGPAckage.TestNGExample@5e5792a0]" name="verifySearchButton" duration-ms="21011" started-at="2020-08-24T10:19:03Z" description="search butoon" finished-at="2020-08-24T10:19:25Z">
          <reporter-output>
            <line>
              <![CDATA[Clicked on Search button successfully]]>
            </line>
          </reporter-output>
        </test-method> <!-- verifySearchButton -->
        <test-method status="PASS" signature="tearDown()[pri:0, instance:TestNGPAckage.TestNGExample@5e5792a0]" name="tearDown" is-config="true" duration-ms="162" started-at="2020-08-24T10:19:25Z" finished-at="2020-08-24T10:19:25Z">
          <reporter-output>
          </reporter-output>
        </test-method> <!-- tearDown -->
        <test-method status="PASS" signature="setup()[pri:0, instance:TestNGPAckage.TestNGExample@5e5792a0]" name="setup" is-config="true" duration-ms="24644" started-at="2020-08-24T10:19:25Z" finished-at="2020-08-24T10:19:49Z">
          <reporter-output>
            <line>
              <![CDATA[Application opened successfully]]>
            </line>
          </reporter-output>
        </test-method> <!-- setup -->
        <test-method status="PASS" signature="verifySignIn()[pri:0, instance:TestNGPAckage.TestNGExample@5e5792a0]" name="verifySignIn" duration-ms="5366" started-at="2020-08-24T10:19:49Z" description="Sign in method" finished-at="2020-08-24T10:19:55Z">
          <reporter-output>
            <line>
              <![CDATA[Clicked on Sign In link successfully]]>
            </line>
          </reporter-output>
        </test-method> <!-- verifySignIn -->
        <test-method status="PASS" signature="tearDown()[pri:0, instance:TestNGPAckage.TestNGExample@5e5792a0]" name="tearDown" is-config="true" duration-ms="180" started-at="2020-08-24T10:19:55Z" finished-at="2020-08-24T10:19:55Z">
          <reporter-output>
          </reporter-output>
        </test-method> <!-- tearDown -->
      </class> <!-- TestNGPAckage.TestNGExample -->
    </test> <!-- Default test -->
  </suite> <!-- Default suite -->
</testng-results>
